\o Program:		@(#)$CDS: libManager version 6.1.8 - CAT37 09/03/2019 21:35 (ip-172-18-22-89) $
\o Sub version:		sub-version  s061 
\o Arguments:		-mpssession virtuoso32620 -mpshost linux-04.ews.illinois.edu 
\o Working Directory:	linux-04.ews.illinois.edu:/home/evanmm2/ece425.work/ece425mp0/comptut
\o 64-bit offsets
\o Qt version: 		5.9.1
\o Log file is "/home/evanmm2/ece425.work/ece425mp0/comptut/libManager.log".
\o Opening libManager window.
\a nrSetCurrentWindow(cdsLibManager)
\a cdsLibManager->libComboFilter->value = "basic "
\a cdsLibManager->libComboFilter->value = ""
\a nrResizeWindow(cdsLibManager list(6 82 602 491))
\o changeWorkingDir("/home/evanmm2/ece425.work/ece425mp0/comptut") unnecessary.
\o ddSetForcedLib("") unnecessary.
\o MPS service: map window
\o Library Manager customization server connected.
\a nrResizeWindow(cdsLibManager list(134 255 602 491))
\a nrSetCurrentWindow(cdsLibManager)
\a cdsLibManager->fileExitButton->value = t
\o libManager is exiting.
\a exit(0)
