Virtuoso Framework License (111) was checked out successfully. Total checkout time was 0.01s.

Running simulation in directory: "/home/evanmm2/ece425.work/ece425mp0/cell_design/LVS".



Begin netlist at:    Feb  7 17:13:42 2020
       view name list  = ("lvs" "schematic" "gate_sch" "cmos_sch")
       stop name list  = ("lvs")
       library name    = "master"
       cell name       = "mux2"
       view name       = "schematic"
       globals lib     = "basic"
INFO (TECH-150003): The technology database "basic" has been automatically
updated from revision 226610(DM 0) to revision 227612(DM 3) in virtual memory.
End netlist:    Feb  7 17:13:42 2020


Begin netlist at:    Feb  7 17:13:42 2020
       view name list  = ("lvs" "extracted" "schematic" "gate_sch" "cmos_sch")
       stop name list  = ("lvs")
       library name    = "tutorial"
       cell name       = "mux2"
       view name       = "extracted"
       globals lib     = "basic"
INFO (TECH-150003): The technology database "basic" has been automatically
updated from revision 226610(DM 0) to revision 227612(DM 3) in virtual memory.
INFO (TECH-150003): The technology database "sample" has been automatically
updated from revision 226610(DM 0) to revision 227612(DM 3) in virtual memory.
End netlist:    Feb  7 17:13:42 2020

simIfNoProcedure-00

Running netlist comparison program:  LVS
Begin comparison:    Feb  7 17:13:42 2020
@(#)$CDS: LVS version 6.1.8-64b 10/08/2019 19:38 (ip-172-18-22-52) $

The net-lists match.

                             layout  schematic
                                instances
        un-matched              0       0      
        rewired                 0       0      
        size errors             0       0      
        pruned                  0       0      
        active                  14      14     
        total                   14      14     

                                  nets
        un-matched              0       0      
        merged                  0       0      
        pruned                  0       0      
        active                  12      12     
        total                   12      12     

                                terminals
        un-matched              0       0      
        matched but
        different type          0       0      
        total                   6       6      
End comparison:      Feb  7 17:13:43 2020


Comparison program has completed. Check the log.
