Analysis & Elaboration report for Carry_Ripple
Tue Feb 19 22:49:43 2019
Quartus Prime Version 18.0.0 Build 614 04/24/2018 SJ Lite Edition


---------------------
; Table of Contents ;
---------------------
  1. Legal Notice
  2. Analysis & Elaboration Summary
  3. Parallel Compilation
  4. Analysis & Elaboration Settings
  5. Port Connectivity Checks: "eight_Bit_Add_Sub:Add_Sub|full_adder:fa8"
  6. Port Connectivity Checks: "register_unit:reg_unit|reg_8:reg_B"
  7. Analysis & Elaboration Messages
  8. Analysis & Elaboration Suppressed Messages



----------------
; Legal Notice ;
----------------
Copyright (C) 2018  Intel Corporation. All rights reserved.
Your use of Intel Corporation's design tools, logic functions 
and other software and tools, and its AMPP partner logic 
functions, and any output files from any of the foregoing 
(including device programming or simulation files), and any 
associated documentation or information are expressly subject 
to the terms and conditions of the Intel Program License 
Subscription Agreement, the Intel Quartus Prime License Agreement,
the Intel FPGA IP License Agreement, or other applicable license
agreement, including, without limitation, that your use is for
the sole purpose of programming logic devices manufactured by
Intel and sold by Intel or its authorized distributors.  Please
refer to the applicable agreement for further details.



+----------------------------------------------------------------------------------+
; Analysis & Elaboration Summary                                                   ;
+------------------------------------+---------------------------------------------+
; Analysis & Elaboration Status      ; Successful - Tue Feb 19 22:49:43 2019       ;
; Quartus Prime Version              ; 18.0.0 Build 614 04/24/2018 SJ Lite Edition ;
; Revision Name                      ; Carry_Ripple                                ;
; Top-level Entity Name              ; Processor                                   ;
; Family                             ; Cyclone IV E                                ;
; Total logic elements               ; N/A until Partition Merge                   ;
;     Total combinational functions  ; N/A until Partition Merge                   ;
;     Dedicated logic registers      ; N/A until Partition Merge                   ;
; Total registers                    ; N/A until Partition Merge                   ;
; Total pins                         ; N/A until Partition Merge                   ;
; Total virtual pins                 ; N/A until Partition Merge                   ;
; Total memory bits                  ; N/A until Partition Merge                   ;
; Embedded Multiplier 9-bit elements ; N/A until Partition Merge                   ;
; Total PLLs                         ; N/A until Partition Merge                   ;
+------------------------------------+---------------------------------------------+


+------------------------------------------+
; Parallel Compilation                     ;
+----------------------------+-------------+
; Processors                 ; Number      ;
+----------------------------+-------------+
; Number detected on machine ; 4           ;
; Maximum allowed            ; 2           ;
;                            ;             ;
; Average used               ; 1.00        ;
; Maximum used               ; 1           ;
;                            ;             ;
; Usage by Processor         ; % Time Used ;
;     Processor 1            ; 100.0%      ;
+----------------------------+-------------+


+------------------------------------------------------------------------------------------------------------+
; Analysis & Elaboration Settings                                                                            ;
+------------------------------------------------------------------+--------------------+--------------------+
; Option                                                           ; Setting            ; Default Value      ;
+------------------------------------------------------------------+--------------------+--------------------+
; Device                                                           ; EP4CE115F29C7      ;                    ;
; Top-level entity name                                            ; Processor          ; Carry_Ripple       ;
; Family name                                                      ; Cyclone IV E       ; Cyclone V          ;
; Use smart compilation                                            ; Off                ; Off                ;
; Enable parallel Assembler and Timing Analyzer during compilation ; On                 ; On                 ;
; Enable compact report table                                      ; Off                ; Off                ;
; Restructure Multiplexers                                         ; Auto               ; Auto               ;
; Create Debugging Nodes for IP Cores                              ; Off                ; Off                ;
; Preserve fewer node names                                        ; On                 ; On                 ;
; Intel FPGA IP Evaluation Mode                                    ; Enable             ; Enable             ;
; Verilog Version                                                  ; Verilog_2001       ; Verilog_2001       ;
; VHDL Version                                                     ; VHDL_1993          ; VHDL_1993          ;
; State Machine Processing                                         ; Auto               ; Auto               ;
; Safe State Machine                                               ; Off                ; Off                ;
; Extract Verilog State Machines                                   ; On                 ; On                 ;
; Extract VHDL State Machines                                      ; On                 ; On                 ;
; Ignore Verilog initial constructs                                ; Off                ; Off                ;
; Iteration limit for constant Verilog loops                       ; 5000               ; 5000               ;
; Iteration limit for non-constant Verilog loops                   ; 250                ; 250                ;
; Add Pass-Through Logic to Inferred RAMs                          ; On                 ; On                 ;
; Infer RAMs from Raw Logic                                        ; On                 ; On                 ;
; Parallel Synthesis                                               ; On                 ; On                 ;
; DSP Block Balancing                                              ; Auto               ; Auto               ;
; NOT Gate Push-Back                                               ; On                 ; On                 ;
; Power-Up Don't Care                                              ; On                 ; On                 ;
; Remove Redundant Logic Cells                                     ; Off                ; Off                ;
; Remove Duplicate Registers                                       ; On                 ; On                 ;
; Ignore CARRY Buffers                                             ; Off                ; Off                ;
; Ignore CASCADE Buffers                                           ; Off                ; Off                ;
; Ignore GLOBAL Buffers                                            ; Off                ; Off                ;
; Ignore ROW GLOBAL Buffers                                        ; Off                ; Off                ;
; Ignore LCELL Buffers                                             ; Off                ; Off                ;
; Ignore SOFT Buffers                                              ; On                 ; On                 ;
; Limit AHDL Integers to 32 Bits                                   ; Off                ; Off                ;
; Optimization Technique                                           ; Balanced           ; Balanced           ;
; Carry Chain Length                                               ; 70                 ; 70                 ;
; Auto Carry Chains                                                ; On                 ; On                 ;
; Auto Open-Drain Pins                                             ; On                 ; On                 ;
; Perform WYSIWYG Primitive Resynthesis                            ; Off                ; Off                ;
; Auto ROM Replacement                                             ; On                 ; On                 ;
; Auto RAM Replacement                                             ; On                 ; On                 ;
; Auto DSP Block Replacement                                       ; On                 ; On                 ;
; Auto Shift Register Replacement                                  ; Auto               ; Auto               ;
; Allow Shift Register Merging across Hierarchies                  ; Auto               ; Auto               ;
; Auto Clock Enable Replacement                                    ; On                 ; On                 ;
; Strict RAM Replacement                                           ; Off                ; Off                ;
; Allow Synchronous Control Signals                                ; On                 ; On                 ;
; Force Use of Synchronous Clear Signals                           ; Off                ; Off                ;
; Auto RAM Block Balancing                                         ; On                 ; On                 ;
; Auto RAM to Logic Cell Conversion                                ; Off                ; Off                ;
; Auto Resource Sharing                                            ; Off                ; Off                ;
; Allow Any RAM Size For Recognition                               ; Off                ; Off                ;
; Allow Any ROM Size For Recognition                               ; Off                ; Off                ;
; Allow Any Shift Register Size For Recognition                    ; Off                ; Off                ;
; Use LogicLock Constraints during Resource Balancing              ; On                 ; On                 ;
; Ignore translate_off and synthesis_off directives                ; Off                ; Off                ;
; Timing-Driven Synthesis                                          ; On                 ; On                 ;
; Report Parameter Settings                                        ; On                 ; On                 ;
; Report Source Assignments                                        ; On                 ; On                 ;
; Report Connectivity Checks                                       ; On                 ; On                 ;
; Ignore Maximum Fan-Out Assignments                               ; Off                ; Off                ;
; Synchronization Register Chain Length                            ; 2                  ; 2                  ;
; Power Optimization During Synthesis                              ; Normal compilation ; Normal compilation ;
; HDL message level                                                ; Level2             ; Level2             ;
; Suppress Register Optimization Related Messages                  ; Off                ; Off                ;
; Number of Removed Registers Reported in Synthesis Report         ; 5000               ; 5000               ;
; Number of Swept Nodes Reported in Synthesis Report               ; 5000               ; 5000               ;
; Number of Inverted Registers Reported in Synthesis Report        ; 100                ; 100                ;
; Clock MUX Protection                                             ; On                 ; On                 ;
; Auto Gated Clock Conversion                                      ; Off                ; Off                ;
; Block Design Naming                                              ; Auto               ; Auto               ;
; SDC constraint protection                                        ; Off                ; Off                ;
; Synthesis Effort                                                 ; Auto               ; Auto               ;
; Shift Register Replacement - Allow Asynchronous Clear Signal     ; On                 ; On                 ;
; Pre-Mapping Resynthesis Optimization                             ; Off                ; Off                ;
; Analysis & Synthesis Message Level                               ; Medium             ; Medium             ;
; Disable Register Merging Across Hierarchies                      ; Auto               ; Auto               ;
; Resource Aware Inference For Block RAM                           ; On                 ; On                 ;
+------------------------------------------------------------------+--------------------+--------------------+


+----------------------------------------------------------------------+
; Port Connectivity Checks: "eight_Bit_Add_Sub:Add_Sub|full_adder:fa8" ;
+------+--------+----------+-------------------------------------------+
; Port ; Type   ; Severity ; Details                                   ;
+------+--------+----------+-------------------------------------------+
; cout ; Output ; Info     ; Explicitly unconnected                    ;
+------+--------+----------+-------------------------------------------+


+----------------------------------------------------------------+
; Port Connectivity Checks: "register_unit:reg_unit|reg_8:reg_B" ;
+-----------+--------+----------+--------------------------------+
; Port      ; Type   ; Severity ; Details                        ;
+-----------+--------+----------+--------------------------------+
; Shift_Out ; Output ; Info     ; Explicitly unconnected         ;
+-----------+--------+----------+--------------------------------+


+---------------------------------+
; Analysis & Elaboration Messages ;
+---------------------------------+
Info: *******************************************************************
Info: Running Quartus Prime Analysis & Elaboration
    Info: Version 18.0.0 Build 614 04/24/2018 SJ Lite Edition
    Info: Processing started: Tue Feb 19 22:49:21 2019
Info: Command: quartus_map --read_settings_files=on --write_settings_files=off 8bitmult -c Carry_Ripple --analysis_and_elaboration
Warning (18236): Number of processors has not been specified which may cause overloading on shared machines.  Set the global assignment NUM_PARALLEL_PROCESSORS in your QSF to an appropriate value for best performance.
Info (20030): Parallel compilation is enabled and will use 2 of the 2 processors detected
Info (12021): Found 1 design units, including 1 entities, in source file testbench.sv
    Info (12023): Found entity 1: testbench File: C:/Users/BEN/Desktop/Quartus/8 Bit multiplier/testbench.sv Line: 1
Info (12021): Found 3 design units, including 3 entities, in source file synchronizers.sv
    Info (12023): Found entity 1: sync File: C:/Users/BEN/Desktop/Quartus/8 Bit multiplier/Synchronizers.sv Line: 4
    Info (12023): Found entity 2: sync_r0 File: C:/Users/BEN/Desktop/Quartus/8 Bit multiplier/Synchronizers.sv Line: 18
    Info (12023): Found entity 3: sync_r1 File: C:/Users/BEN/Desktop/Quartus/8 Bit multiplier/Synchronizers.sv Line: 39
Info (12021): Found 1 design units, including 1 entities, in source file processor.sv
    Info (12023): Found entity 1: Processor File: C:/Users/BEN/Desktop/Quartus/8 Bit multiplier/Processor.sv Line: 8
Info (12021): Found 2 design units, including 2 entities, in source file register_unit.sv
    Info (12023): Found entity 1: register_unit File: C:/Users/BEN/Desktop/Quartus/8 Bit multiplier/Register_unit.sv Line: 1
    Info (12023): Found entity 2: d_flip File: C:/Users/BEN/Desktop/Quartus/8 Bit multiplier/Register_unit.sv Line: 18
Info (12021): Found 1 design units, including 1 entities, in source file reg_4.sv
    Info (12023): Found entity 1: reg_8 File: C:/Users/BEN/Desktop/Quartus/8 Bit multiplier/Reg_4.sv Line: 1
Info (12021): Found 1 design units, including 1 entities, in source file control.sv
    Info (12023): Found entity 1: control File: C:/Users/BEN/Desktop/Quartus/8 Bit multiplier/Control.sv Line: 3
Info (12021): Found 2 design units, including 2 entities, in source file ripple_adder.sv
    Info (12023): Found entity 1: eight_Bit_Add_Sub File: C:/Users/BEN/Desktop/Quartus/8 Bit multiplier/ripple_adder.sv Line: 1
    Info (12023): Found entity 2: full_adder File: C:/Users/BEN/Desktop/Quartus/8 Bit multiplier/ripple_adder.sv Line: 44
Info (12021): Found 1 design units, including 1 entities, in source file hexdriver.sv
    Info (12023): Found entity 1: HexDriver File: C:/Users/BEN/Desktop/Quartus/8 Bit multiplier/HexDriver.sv Line: 1
Info (12127): Elaborating entity "Processor" for the top level hierarchy
Info (12128): Elaborating entity "register_unit" for hierarchy "register_unit:reg_unit" File: C:/Users/BEN/Desktop/Quartus/8 Bit multiplier/Processor.sv Line: 44
Info (12128): Elaborating entity "reg_8" for hierarchy "register_unit:reg_unit|reg_8:reg_A" File: C:/Users/BEN/Desktop/Quartus/8 Bit multiplier/Register_unit.sv Line: 12
Info (12128): Elaborating entity "eight_Bit_Add_Sub" for hierarchy "eight_Bit_Add_Sub:Add_Sub" File: C:/Users/BEN/Desktop/Quartus/8 Bit multiplier/Processor.sv Line: 53
Info (12128): Elaborating entity "full_adder" for hierarchy "eight_Bit_Add_Sub:Add_Sub|full_adder:fa0" File: C:/Users/BEN/Desktop/Quartus/8 Bit multiplier/ripple_adder.sv Line: 28
Info (12128): Elaborating entity "d_flip" for hierarchy "d_flip:dflip" File: C:/Users/BEN/Desktop/Quartus/8 Bit multiplier/Processor.sv Line: 62
Info (12128): Elaborating entity "control" for hierarchy "control:control_unit" File: C:/Users/BEN/Desktop/Quartus/8 Bit multiplier/Processor.sv Line: 74
Info (10264): Verilog HDL Case Statement information at Control.sv(53): all case item expressions in this case statement are onehot File: C:/Users/BEN/Desktop/Quartus/8 Bit multiplier/Control.sv Line: 53
Info (12128): Elaborating entity "HexDriver" for hierarchy "HexDriver:HexAL" File: C:/Users/BEN/Desktop/Quartus/8 Bit multiplier/Processor.sv Line: 78
Info (12128): Elaborating entity "sync" for hierarchy "sync:button_sync[0]" File: C:/Users/BEN/Desktop/Quartus/8 Bit multiplier/Processor.sv Line: 95
Info (144001): Generated suppressed messages file C:/Users/BEN/Desktop/Quartus/8 Bit multiplier/output_files/Carry_Ripple.map.smsg
Info: Quartus Prime Analysis & Elaboration was successful. 0 errors, 1 warning
    Info: Peak virtual memory: 4720 megabytes
    Info: Processing ended: Tue Feb 19 22:49:43 2019
    Info: Elapsed time: 00:00:22
    Info: Total CPU time (on all processors): 00:00:27


+--------------------------------------------+
; Analysis & Elaboration Suppressed Messages ;
+--------------------------------------------+
The suppressed messages can be found in C:/Users/BEN/Desktop/Quartus/8 Bit multiplier/output_files/Carry_Ripple.map.smsg.


