###############################################################
#  Generated by:      Cadence Encounter 14.28-s033_1
#  OS:                Linux x86_64(Host ID linux-14.ews.illinois.edu)
#  Generated on:      Thu Apr 23 13:49:20 2020
#  Design:            controller
#  Command:           summaryReport -noHtml -outfile ece425mp3/summaryReport.rpt
###############################################################


==============================
General Design Information
==============================
Design Status: Routed  
Design Name: controller  
# Instances: 258  
# Hard Macros: 0  
# Std Cells: 258  
    ------------------------------
    Standard Cells in Netlist
    ------------------------------
               Cell Type   Instance Count  Area (um^2)  
                  filler              148        2416.7808  
                   inv_1               24        1175.7312  
                   inv_2                8         391.9104  
                 invzp_1                8         653.1840  
                  mux2_1                4         457.2288  
                 nand2_1               17        1110.4128  
                 nand4_1                1          81.6480  
                  nor2_1               39        1910.5632  
                  nor4_1                3         244.9440  
                   or2_1                1          81.6480  
                   or2_2                4         326.5920  
                  xor2_1                1         130.6368  
# Pads: 0  
# Net: 149  
# Special Net: 2  
# IO Pins: 
    ------------------------------
    Issued IO Information
    ------------------------------
    # Unplaced IO Pin  0  
    # Floating IO  
        ------------------------------
        Floating IO
        ------------------------------
            Floating IO Name  
                        c[0]  
                        c[1]  2  
    # IO Connected to Non-IO Inst  
        ------------------------------
        IO Connected to Non-IO Inst
        ------------------------------
                     IO Name      Non-IO Inst Name  
                        en_q                  U283  
                      reg_wr                  U203  
                     q3_data                  U189  
                     q0_data                  U217  
                          q3               drvqshl  
                          q0               drvqshr  
                        ram3               drvraml  
                        ram0               drvramr  
                          oe                  U221  
                   y_data[0]                  U218  
                   y_data[1]                  U216  
                   y_data[2]                  U214  
                   y_data[3]                  U219  
                    y_tri[0]                 drvy0  
                    y_tri[1]                 drvy1  
                    y_tri[2]                 drvy2  
                    y_tri[3]                 drvy3  
                           z                  U191  
                         ovr                  U226  
                        p_lo                  U222  
                        g_lo                  U185  
                        p[0]                  U222  
                        p[1]                  U222  
                        p[2]                  U222  
                        p[3]                  U222  
                        c[2]                  U226  
                        c[3]                  U185  
                        f[0]                  U191  
                        f[1]                  U191  
                        f[2]                  U191  
                        f[3]                  U191  
              select_b_hi[0]                  U224  
              select_b_hi[1]                  U262  
              select_b_hi[2]                  U268  
              select_b_hi[3]                  U250  
              select_b_hi[4]                  U235  
              select_b_hi[5]                  U261  
              select_b_hi[6]                  U267  
              select_b_hi[7]                  U248  
              select_b_hi[8]                  U238  
              select_b_hi[9]                  U260  
             select_b_hi[10]                  U266  
             select_b_hi[11]                  U247  
             select_b_hi[12]                  U229  
             select_b_hi[13]                  U259  
             select_b_hi[14]                  U265  
             select_b_hi[15]                  U246  
              select_a_hi[0]                  U223  
              select_a_hi[1]                  U274  
              select_a_hi[2]                  U280  
              select_a_hi[3]                  U256  
              select_a_hi[4]                  U241  
              select_a_hi[5]                  U273  
              select_a_hi[6]                  U279  
              select_a_hi[7]                  U254  
              select_a_hi[8]                  U244  
              select_a_hi[9]                  U272  
             select_a_hi[10]                  U278  
             select_a_hi[11]                  U253  
             select_a_hi[12]                  U232  
             select_a_hi[13]                  U271  
             select_a_hi[14]                  U277  
             select_a_hi[15]                  U252  
                        b[0]                  U224  
                        b[1]                  U224  
                        b[2]                  U224  
                        b[3]                  U224  
                        a[0]                  U223  
                        a[1]                  U223  
                        a[2]                  U223  
                        a[3]                  U223  
                     s_inv_y                  U212  
                         s_y                  U213  
                   s1_inv_re               drvqshl  
                       s1_re                  U206  
                   s0_inv_re                  U211  
                       s0_re                  U210  
                    s1_inv_q                  U209  
                        s1_q                  U208  
                    s0_inv_q                  U205  
                        s0_q                  U204  
                  s1_inv_alu                  U192  
                      s1_alu                  U186  
                  s0_inv_alu                  U201  
                      s0_alu                  U202  
                       inv_r                  U282  
                       inv_s                  U225  
                    s1_inv_s                  U187  
                        s1_s                  U200  
                    s0_inv_s                  U198  
                        s0_s                  U199  
                    s1_inv_r                  U196  
                        s1_r                  U188  
                    s0_inv_r                  U194  
                        s0_r                  U193  
                        i[0]                  U187  
                        i[1]                  U183  
                        i[2]                  U187  
                        i[3]                  U186  
                        i[4]                  U201  
                        i[5]                  U186  
                        i[6]                  U204  
                        i[7]                  U184  
                        i[8]                  U190  104  106  
# Pins: 
    ------------------------------
    Correctness of Pin Connectivity for All Instances
    ------------------------------
    # Floating Terms  0  
    # Output Term Marked Tie Hi/Lo  0  
    # Output Term Shorted to PG Net  0  310  
# PG Pins: 
    ------------------------------
    Correctness of PG Pin Connectivity for All Instances
    ------------------------------
    # Instances that No Net Defined for Any PG Pin  
        ------------------------------
        The Instances that No Net Defined for any PG Pin
        ------------------------------
               Instance Name  
                  FILLER_148  
                  FILLER_147  
                  FILLER_146  
                  FILLER_145  
                  FILLER_144  
                  FILLER_143  
                  FILLER_142  
                  FILLER_141  
                  FILLER_140  
                  FILLER_139  
                  FILLER_138  
                  FILLER_137  
                  FILLER_136  
                  FILLER_135  
                  FILLER_134  
                  FILLER_133  
                  FILLER_132  
                  FILLER_131  
                  FILLER_130  
                  FILLER_129  
                  FILLER_128  
                  FILLER_127  
                  FILLER_126  
                  FILLER_125  
                  FILLER_124  
                  FILLER_123  
                  FILLER_122  
                  FILLER_121  
                  FILLER_120  
                  FILLER_119  
                  FILLER_118  
                  FILLER_117  
                  FILLER_116  
                  FILLER_115  
                  FILLER_114  
                  FILLER_113  
                  FILLER_112  
                  FILLER_111  
                  FILLER_110  
                  FILLER_109  
                  FILLER_108  
                  FILLER_107  
                  FILLER_106  
                  FILLER_105  
                  FILLER_104  
                  FILLER_103  
                  FILLER_102  
                  FILLER_101  
                  FILLER_100  
                   FILLER_99  
                   FILLER_98  
                   FILLER_97  
                   FILLER_96  
                   FILLER_95  
                   FILLER_94  
                   FILLER_93  
                   FILLER_92  
                   FILLER_91  
                   FILLER_90  
                   FILLER_89  
                   FILLER_88  
                   FILLER_87  
                   FILLER_86  
                   FILLER_85  
                   FILLER_84  
                   FILLER_83  
                   FILLER_82  
                   FILLER_81  
                   FILLER_80  
                   FILLER_79  
                   FILLER_78  
                   FILLER_77  
                   FILLER_76  
                   FILLER_75  
                   FILLER_74  
                   FILLER_73  
                   FILLER_72  
                   FILLER_71  
                   FILLER_70  
                   FILLER_69  
                   FILLER_68  
                   FILLER_67  
                   FILLER_66  
                   FILLER_65  
                   FILLER_64  
                   FILLER_63  
                   FILLER_62  
                   FILLER_61  
                   FILLER_60  
                   FILLER_59  
                   FILLER_58  
                   FILLER_57  
                   FILLER_56  
                   FILLER_55  
                   FILLER_54  
                   FILLER_53  
                   FILLER_52  
                   FILLER_51  
                   FILLER_50  
                   FILLER_49  
                   FILLER_48  
                   FILLER_47  
                   FILLER_46  
                   FILLER_45  
                   FILLER_44  
                   FILLER_43  
                   FILLER_42  
                   FILLER_41  
                   FILLER_40  
                   FILLER_39  
                   FILLER_38  
                   FILLER_37  
                   FILLER_36  
                   FILLER_35  
                   FILLER_34  
                   FILLER_33  
                   FILLER_32  
                   FILLER_31  
                   FILLER_30  
                   FILLER_29  
                   FILLER_28  
                   FILLER_27  
                   FILLER_26  
                   FILLER_25  
                   FILLER_24  
                   FILLER_23  
                   FILLER_22  
                   FILLER_21  
                   FILLER_20  
                   FILLER_19  
                   FILLER_18  
                   FILLER_17  
                   FILLER_16  
                   FILLER_15  
                   FILLER_14  
                   FILLER_13  
                   FILLER_12  
                   FILLER_11  
                   FILLER_10  
                    FILLER_9  
                    FILLER_8  
                    FILLER_7  
                    FILLER_6  
                    FILLER_5  
                    FILLER_4  
                    FILLER_3  
                    FILLER_2  
                    FILLER_1  
                        U284  
                        U283  
                        U282  
                        U281  
                        U280  
                        U279  
                        U278  
                        U277  
                        U276  
                        U275  
                        U274  
                        U273  
                        U272  
                        U271  
                        U270  
                        U269  
                        U268  
                        U267  
                        U266  
                        U265  
                        U264  
                        U263  
                        U262  
                        U261  
                        U260  
                        U259  
                        U258  
                        U257  
                        U256  
                        U255  
                        U254  
                        U253  
                        U252  
                        U251  
                        U250  
                        U249  
                        U248  
                        U247  
                        U246  
                        U245  
                        U244  
                        U243  
                        U242  
                        U241  
                        U240  
                        U239  
                        U238  
                        U237  
                        U236  
                        U235  
                        U234  
                        U233  
                        U232  
                        U231  
                        U230  
                        U229  
                        U228  
                        U227  
                        U226  
                        U225  
                        U224  
                        U223  
                        U222  
                        U221  
                        U220  
                        U219  
                        U218  
                        U217  
                        U216  
                        U215  
                        U214  
                        U213  
                        U212  
                        U211  
                        U210  
                        U209  
                        U208  
                        U207  
                        U206  
                        U205  
                        U204  
                        U203  
                        U202  
                        U201  
                        U200  
                        U199  
                        U198  
                        U197  
                        U196  
                        U195  
                        U194  
                        U193  
                        U192  
                        U191  
                        U190  
                        U189  
                        U188  
                        U187  
                        U186  
                        U185  
                        U184  
                        U183  
                     drvramr  
                     drvqshr  
                       drvy3  
                       drvy2  
                       drvy1  
                       drvy0  
                     drvraml  
                     drvqshl  258  
    # Floating PG Terms  0  
    # PG Pins Connect to Non-PG Net  0  
    # Power Pins Connect Ground Net  0  
    # Ground Pins Connect Power Net  0  516  
Average Pins Per Net(Signal): 2.081  

==============================
General Library Information
==============================
# Routing Layers: 5  
# Masterslice Layers: 12  
# Pin Layers: 
    General Caution:
        1) Library have metal1, metal2, metal3, metal4 and metal5 pins, you should setPreRouteAsObs {1 2 3}                                 to ensure these pins are accessible after placement

    ------------------------------
    Pin Layers
    ------------------------------
    metal5  
    metal4  
    metal3  
    metal2  
    metal1  5  
# Layers: 
    ------------------------------
    Layer metal5 Information
    ------------------------------
    Type  Routing  
    Wire Pitch X  2.160 um  
    Wire Pitch Y  2.160 um  
    Wire Width  0.480 um  
    Spacing  0.480 um  
    ------------------------------
    Layer via4 Information
    ------------------------------
    Type  Cut  
    Vias  
        ------------------------------
        Via list in layer via4
        ------------------------------
                Vias in via4  Default  
                       M5_M4      Yes  For complete list click here  
    Multiple Orientation Vias  CAUTION: There is only one default via in this layer  
    ------------------------------
    Layer metal4 Information
    ------------------------------
    Type  Routing  
    Wire Pitch X  1.080 um  
    Wire Pitch Y  1.080 um  
    Wire Width  0.360 um  
    Spacing  0.480 um  
    ------------------------------
    Layer via3 Information
    ------------------------------
    Type  Cut  
    Vias  
        ------------------------------
        Via list in layer via3
        ------------------------------
                Vias in via3  Default  
                       M4_M3      Yes  For complete list click here  
    Multiple Orientation Vias  CAUTION: There is only one default via in this layer  
    ------------------------------
    Layer metal3 Information
    ------------------------------
    Type  Routing  
    Wire Pitch X  1.080 um  
    Wire Pitch Y  1.080 um  
    Wire Width  0.360 um  
    Spacing  0.480 um  
    ------------------------------
    Layer via2 Information
    ------------------------------
    Type  Cut  
    Vias  
        ------------------------------
        Via list in layer via2
        ------------------------------
                Vias in via2  Default  
                       M3_M2      Yes  For complete list click here  
    Multiple Orientation Vias  CAUTION: There is only one default via in this layer  
    ------------------------------
    Layer metal2 Information
    ------------------------------
    Type  Routing  
    Wire Pitch X  1.080 um  
    Wire Pitch Y  1.080 um  
    Wire Width  0.360 um  
    Spacing  0.480 um  
    ------------------------------
    Layer via Information
    ------------------------------
    Type  Cut  
    Vias  
        ------------------------------
        Via list in layer via
        ------------------------------
                 Vias in via  Default  
                       M2_M1      Yes  For complete list click here  
    Multiple Orientation Vias  CAUTION: There is only one default via in this layer  
    ------------------------------
    Layer metal1 Information
    ------------------------------
    Type  Routing  
    Wire Pitch X  1.080 um  
    Wire Pitch Y  1.080 um  
    Wire Width  0.360 um  
    Spacing  0.360 um  
    ------------------------------
    Layer cc Information
    ------------------------------
    Type  Cut  
    Vias  
        ------------------------------
        Via list in layer cc
        ------------------------------
                  Vias in cc  Default  
                     M1_POLY       No  
                        NTAP       No  
                        M1_N       No  
                        M1_P       No  For complete list click here  
    ------------------------------
    Layer nodrc Information
    ------------------------------
    Type  Masterslice  
    ------------------------------
    Layer metalcap Information
    ------------------------------
    Type  Masterslice  
    ------------------------------
    Layer cap_id Information
    ------------------------------
    Type  Masterslice  
    ------------------------------
    Layer res_id Information
    ------------------------------
    Type  Masterslice  
    ------------------------------
    Layer text Information
    ------------------------------
    Type  Masterslice  
    ------------------------------
    Layer sblock Information
    ------------------------------
    Type  Masterslice  
    ------------------------------
    Layer pad Information
    ------------------------------
    Type  Masterslice  
    ------------------------------
    Layer glass Information
    ------------------------------
    Type  Masterslice  
    ------------------------------
    Layer poly Information
    ------------------------------
    Type  Masterslice  
    ------------------------------
    Layer pactive Information
    ------------------------------
    Type  Masterslice  
    ------------------------------
    Layer nactive Information
    ------------------------------
    Type  Masterslice  
    ------------------------------
    Layer nwell Information
    ------------------------------
    Type  Masterslice  22  
# Pins without Physical Port: 0  
# Pins in Library without Timing Lib: 
    ------------------------------
    Pins in Library without timing lib
    ------------------------------
               Cell Name      List of Pin Name  
                  ABnorC                   ip1  
                  ABnorC                   ip2  
                  ABnorC                   ip3  
                  ABnorC                    op  
                   ABorC                   ip1  
                   ABorC                   ip2  
                   ABorC                   ip3  
                   ABorC                    op  
            ab_or_c_or_d                   ip1  
            ab_or_c_or_d                   ip2  
            ab_or_c_or_d                   ip3  
            ab_or_c_or_d                   ip4  
            ab_or_c_or_d                    op  
                  and2_1                   ip1  
                  and2_1                   ip2  
                  and2_1                    op  
                  and2_2                   ip1  
                  and2_2                   ip2  
                  and2_2                    op  
                  and2_4                   ip1  
                  and2_4                   ip2  
                  and2_4                    op  
                  and3_1                   ip1  
                  and3_1                   ip2  
                  and3_1                   ip3  
                  and3_1                    op  
                  and3_2                   ip1  
                  and3_2                   ip2  
                  and3_2                   ip3  
                  and3_2                    op  
                  and3_4                   ip1  
                  and3_4                   ip2  
                  and3_4                   ip3  
                  and3_4                    op  
                  and4_1                   ip1  
                  and4_1                   ip2  
                  and4_1                   ip3  
                  and4_1                   ip4  
                  and4_1                    op  
                  and4_2                   ip1  
                  and4_2                   ip2  
                  and4_2                   ip3  
                  and4_2                   ip4  
                  and4_2                    op  
                  and4_4                   ip1  
                  and4_4                   ip2  
                  and4_4                   ip3  
                  and4_4                   ip4  
                  and4_4                    op  
                   buf_1                    ip  
                   buf_1                    op  
                   buf_2                    ip  
                   buf_2                    op  
                   buf_4                    ip  
                   buf_4                    op  
                 bufzp_2                     c  
                 bufzp_2                    ip  
                 bufzp_2                    op  
                   cd_12                    ip  
                   cd_12                    op  
                   cd_16                    ip  
                   cd_16                    op  
                    cd_8                    ip  
                    cd_8                    op  
                  dksp_1                    ck  
                  dksp_1                    ip  
                  dksp_1                     q  
                  dksp_1                    qb  
                  dksp_1                    sb  
                    dp_1                    ck  
                    dp_1                    ip  
                    dp_1                     q  
                    dp_2                    ck  
                    dp_2                    ip  
                    dp_2                     q  
                    dp_4                    ck  
                    dp_4                    ip  
                    dp_4                     q  
                   drp_1                    ck  
                   drp_1                    ip  
                   drp_1                     q  
                   drp_1                    rb  
                   drp_2                    ck  
                   drp_2                    ip  
                   drp_2                     q  
                   drp_2                    rb  
                   drp_4                    ck  
                   drp_4                    ip  
                   drp_4                     q  
                   drp_4                    rb  
                  drsp_1                    ck  
                  drsp_1                    ip  
                  drsp_1                     q  
                  drsp_1                    rb  
                  drsp_1                     s  
                  drsp_2                    ck  
                  drsp_2                    ip  
                  drsp_2                     q  
                  drsp_2                    rb  
                  drsp_2                     s  
                  drsp_4                    ck  
                  drsp_4                    ip  
                  drsp_4                     q  
                  drsp_4                    rb  
                  drsp_4                     s  
                 dtrsp_2                    ck  
                 dtrsp_2                    ip  
                 dtrsp_2                     q  
                 dtrsp_2                    rb  
                 dtrsp_2                     s  
                 dtrsp_2                   sip  
                 dtrsp_2                    sm  
               fulladder                     a  
               fulladder                     b  
               fulladder                    ci  
               fulladder                    co  
               fulladder                     s  
                   inv_1                    ip  
                   inv_1                    op  
                   inv_2                    ip  
                   inv_2                    op  
                   inv_4                    ip  
                   inv_4                    op  
                 invzp_1                     c  
                 invzp_1                    ip  
                 invzp_1                    op  
                 invzp_2                     c  
                 invzp_2                    ip  
                 invzp_2                    op  
                 invzp_4                     c  
                 invzp_4                    ip  
                 invzp_4                    op  
                  jkrp_2                    ck  
                  jkrp_2                     j  
                  jkrp_2                     k  
                  jkrp_2                     q  
                  jkrp_2                    qb  
                  jkrp_2                    rb  
                    lp_1                    ck  
                    lp_1                    ip  
                    lp_1                     q  
                    lp_2                    ck  
                    lp_2                    ip  
                    lp_2                     q  
                   lrp_1                    ck  
                   lrp_1                    ip  
                   lrp_1                     q  
                   lrp_1                    rb  
                   lrp_2                    ck  
                   lrp_2                    ip  
                   lrp_2                     q  
                   lrp_2                    rb  
                   lrp_4                    ck  
                   lrp_4                    ip  
                   lrp_4                     q  
                   lrp_4                    rb  
                  lrsp_1                    ck  
                  lrsp_1                    ip  
                  lrsp_1                     q  
                  lrsp_1                    rb  
                  lrsp_1                     s  
                  lrsp_2                    ck  
                  lrsp_2                    ip  
                  lrsp_2                     q  
                  lrsp_2                    rb  
                  lrsp_2                     s  
                  lrsp_4                    ck  
                  lrsp_4                    ip  
                  lrsp_4                     q  
                  lrsp_4                    rb  
                  lrsp_4                     s  
                  mux2_1                   ip1  
                  mux2_1                   ip2  
                  mux2_1                    op  
                  mux2_1                     s  
                  mux2_2                   ip1  
                  mux2_2                   ip2  
                  mux2_2                    op  
                  mux2_2                     s  
                  mux2_4                   ip1  
                  mux2_4                   ip2  
                  mux2_4                    op  
                  mux2_4                     s  
                  mux3_2                   ip1  
                  mux3_2                   ip2  
                  mux3_2                   ip3  
                  mux3_2                    op  
                  mux3_2                    s0  
                  mux3_2                    s1  
                  mux4_2                   ip1  
                  mux4_2                   ip2  
                  mux4_2                   ip3  
                  mux4_2                   ip4  
                  mux4_2                    op  
                  mux4_2                    s0  
                  mux4_2                    s1  
                 nand2_1                   ip1  
                 nand2_1                   ip2  
                 nand2_1                    op  
                 nand2_2                   ip1  
                 nand2_2                   ip2  
                 nand2_2                    op  
                 nand2_4                   ip1  
                 nand2_4                   ip2  
                 nand2_4                    op  
                 nand3_1                   ip1  
                 nand3_1                   ip2  
                 nand3_1                   ip3  
                 nand3_1                    op  
                 nand3_2                   ip1  
                 nand3_2                   ip2  
                 nand3_2                   ip3  
                 nand3_2                    op  
                 nand3_4                   ip1  
                 nand3_4                   ip2  
                 nand3_4                   ip3  
                 nand3_4                    op  
                 nand4_1                   ip1  
                 nand4_1                   ip2  
                 nand4_1                   ip3  
                 nand4_1                   ip4  
                 nand4_1                    op  
                 nand4_2                   ip1  
                 nand4_2                   ip2  
                 nand4_2                   ip3  
                 nand4_2                   ip4  
                 nand4_2                    op  
                 nand4_4                   ip1  
                 nand4_4                   ip2  
                 nand4_4                   ip3  
                 nand4_4                   ip4  
                 nand4_4                    op  
                  nor2_1                   ip1  
                  nor2_1                   ip2  
                  nor2_1                    op  
                  nor2_2                   ip1  
                  nor2_2                   ip2  
                  nor2_2                    op  
                  nor2_4                   ip1  
                  nor2_4                   ip2  
                  nor2_4                    op  
                  nor3_1                   ip1  
                  nor3_1                   ip2  
                  nor3_1                   ip3  
                  nor3_1                    op  
                  nor3_2                   ip1  
                  nor3_2                   ip2  
                  nor3_2                   ip3  
                  nor3_2                    op  
                  nor3_4                   ip1  
                  nor3_4                   ip2  
                  nor3_4                   ip3  
                  nor3_4                    op  
                  nor4_1                   ip1  
                  nor4_1                   ip2  
                  nor4_1                   ip3  
                  nor4_1                   ip4  
                  nor4_1                    op  
                  nor4_2                   ip1  
                  nor4_2                   ip2  
                  nor4_2                   ip3  
                  nor4_2                   ip4  
                  nor4_2                    op  
                  nor4_4                   ip1  
                  nor4_4                   ip2  
                  nor4_4                   ip3  
                  nor4_4                   ip4  
                  nor4_4                    op  
        not_ab_or_c_or_d                   ip1  
        not_ab_or_c_or_d                   ip2  
        not_ab_or_c_or_d                   ip3  
        not_ab_or_c_or_d                   ip4  
        not_ab_or_c_or_d                    op  
                   or2_1                   ip1  
                   or2_1                   ip2  
                   or2_1                    op  
                   or2_2                   ip1  
                   or2_2                   ip2  
                   or2_2                    op  
                   or2_4                   ip1  
                   or2_4                   ip2  
                   or2_4                    op  
                   or3_1                   ip1  
                   or3_1                   ip2  
                   or3_1                   ip3  
                   or3_1                    op  
                   or3_2                   ip1  
                   or3_2                   ip2  
                   or3_2                   ip3  
                   or3_2                    op  
                   or3_4                   ip1  
                   or3_4                   ip2  
                   or3_4                   ip3  
                   or3_4                    op  
                   or4_1                   ip1  
                   or4_1                   ip2  
                   or4_1                   ip3  
                   or4_1                   ip4  
                   or4_1                    op  
                   or4_2                   ip1  
                   or4_2                   ip2  
                   or4_2                   ip3  
                   or4_2                   ip4  
                   or4_2                    op  
                   or4_4                   ip1  
                   or4_4                   ip2  
                   or4_4                   ip3  
                   or4_4                   ip4  
                   or4_4                    op  
                 xnor2_1                   ip1  
                 xnor2_1                   ip2  
                 xnor2_1                    op  
                 xnor2_2                   ip1  
                 xnor2_2                   ip2  
                 xnor2_2                    op  
                  xor2_1                   ip1  
                  xor2_1                   ip2  
                  xor2_1                    op  
                  xor2_2                   ip1  
                  xor2_2                   ip2  
                  xor2_2                    op  
                  padgnd                   pad  
          padbidirhe_025                    di  
          padbidirhe_025                   dib  
          padbidirhe_025                    do  
          padbidirhe_025                   oeb  
          padbidirhe_025                   pad  
                  padinc                    di  
                  padinc                   dib  
                  padinc                   pad  
                   padio                  data  
                   padio                   pad  
                  padout                    di  
                  padout                   dib  
                  padout                    do  
                  padout                   pad  
                  padvdd                   pad  
            padnoconnect                   pad  338  
# Pins Missing Direction: 0  
Antenna Summary Report: 
    General Caution:
        1) All Antenna Constructs are absent for the layer section of LEF.
        2) All Antenna Constructs are absent for the macro section of LEF.For more information click here  
# Cells Missing LEF Info: 0  
# Cells with Dimension Errors: 0  

==============================
Netlist Information
==============================
# HFO (>200) Nets: 0  
# No-driven Nets: 1  
    General Caution:
        1) TODO
    No-driven Nets  
    s1_alu  
# Multi-driven Nets: 0  
# Assign Statements: 1  
    General Caution:
        1) The assignment statements can impact CTS and IPO.
        2) You can use "setDoAssign" properly to slove the problem.
    
    Verilog File Name: controller_synth.v  
    Module Name: controller  
    s1_alu = i[5]  
Is Design Uniquified: YES  
# Pins in Netlist without timing lib: 
    ------------------------------
    Pins in Netlist without timing lib
    ------------------------------
    Cell Name  List of Pin Name  
    inv_1  ip  
    inv_1  op  
    inv_2  ip  
    inv_2  op  
    invzp_1  c  
    invzp_1  ip  
    invzp_1  op  
    mux2_1  ip1  
    mux2_1  ip2  
    mux2_1  op  
    mux2_1  s  
    nand2_1  ip1  
    nand2_1  ip2  
    nand2_1  op  
    nand4_1  ip1  
    nand4_1  ip2  
    nand4_1  ip3  
    nand4_1  ip4  
    nand4_1  op  
    nor2_1  ip1  
    nor2_1  ip2  
    nor2_1  op  
    nor4_1  ip1  
    nor4_1  ip2  
    nor4_1  ip3  
    nor4_1  ip4  
    nor4_1  op  
    or2_1  ip1  
    or2_1  ip2  
    or2_1  op  
    or2_2  ip1  
    or2_2  ip2  
    or2_2  op  
    xor2_1  ip1  
    xor2_1  ip2  
    xor2_1  op  36  

==============================

==============================
: Internal  External  
No of Nets:        144           0  
No of Connections:        270           0  
Total Net Length (X): 2.0237e+03  0.0000e+00  
Total Net Length (Y): 2.4155e+03  0.0000e+00  
Total Net Length: 4.4393e+03  0.0000e+00  

==============================
Timing Information
==============================
# Clocks in design: 0  
# Generated clocks: 0  
# "dont_use" cells from .libs: 0  
# "dont_touch" cells from .libs: 0  
# Cells in .lib with max_tran: 0  
# Cells in .lib with max_cap: 0  
# Cells in .lib with max_fanout: 0  
SDC max_cap: N/A  
SDC max_tran: N/A  
SDC max_fanout: N/A  
Default Ext. Scale Factor: 1.000  
Detail Ext. Scale Factor: 1.000  

==============================
Floorplan/Placement Information
==============================
Total area of Standard cells: 8981.280 um^2  
Total area of Standard cells(Subtracting Physical Cells): 6564.499 um^2  
Total area of Macros: 0.000 um^2  
Total area of Blockages: 0.000 um^2  
Total area of Pad cells: 0.000 um^2  
Total area of Core: 9072.000 um^2  
Total area of Chip: 9072.000 um^2  
Effective Utilization: 1.0496e+00  
Number of Cell Rows: 4  
% Pure Gate Density #1 (Subtracting BLOCKAGES): 99.000%  
% Pure Gate Density #2 (Subtracting BLOCKAGES and Physical Cells): 72.360%  
% Pure Gate Density #3 (Subtracting MACROS): 99.000%  
% Pure Gate Density #4 (Subtracting MACROS and Physical Cells): 72.360%  
% Pure Gate Density #5 (Subtracting MACROS and BLOCKAGES): 99.000%  
% Pure Gate Density #6 (Subtracting MACROS and BLOCKAGES and Physical Cells): 72.360%  
% Core Density (Counting Std Cells and MACROs): 99.000%  
% Core Density #2(Subtracting Physical Cells): 72.360%  
% Chip Density (Counting Std Cells and MACROs and IOs): 99.000%  
% Chip Density #2(Subtracting Physical Cells): 72.360%  
# Macros within 5 sites of IO pad: No  
Macro halo defined?: No  

==============================
Wire Length Distribution
==============================
Total metal1 wire length: 372.6000 um  
Total metal2 wire length: 1758.9600 um  
Total metal3 wire length: 1724.8200 um  
Total metal4 wire length: 217.3800 um  
Total metal5 wire length: 153.2400 um  
Total wire length: 4227.0000 um  
Average wire length/net: 28.3691 um  
Area of Power Net Distribution: 
    ------------------------------
    Area of Power Net Distribution
    ------------------------------
    Layer Name  Area of Power Net  Routable Area  Percentage  
    metal1  0.0000  9072.0000  0.0000%  
    metal2  130.6368  9072.0000  1.4400%  
    metal3  0.0000  9264.5317  0.0000%  
    metal4  0.0000  9072.0000  0.0000%  
    metal5  0.0000  9072.0000  0.0000%  For more information click here  
